[INFO ] 11-08-2020 04:44:08.826 TC_LoginPage_001 - ***  Starting TC_LoginPage_001  ***
[INFO ] 11-08-2020 04:44:13.839 TC_LoginPage_001 - ***  Provinding login details  ***
[INFO ] 11-08-2020 04:44:19.136 TC_LoginPage_001 - ***  Validating login  ***
[INFO ] 11-08-2020 04:44:19.145 TC_LoginPage_001 - ***  Login suceessfull  ***
[INFO ] 11-08-2020 05:00:35.132 TC_LoginPage_001 - ***  Starting TC_LoginPage_001  ***
[INFO ] 11-08-2020 05:00:40.668 TC_LoginPage_001 - ***  Provinding login details  ***
[INFO ] 11-08-2020 05:00:47.132 TC_LoginPage_001 - ***  Validating login  ***
[INFO ] 11-08-2020 05:00:47.138 TC_LoginPage_001 - ***  Login suceessfull  ***
[INFO ] 11-08-2020 05:39:51.607 TC_LoginPage_001 - ***  Starting TC_LoginPage_001  ***
[INFO ] 11-08-2020 05:39:56.369 TC_LoginPage_001 - ***  Provinding login details  ***
[INFO ] 11-08-2020 05:40:02.656 TC_LoginPage_001 - ***  Validating login  ***
[INFO ] 11-08-2020 05:40:02.662 TC_LoginPage_001 - ***  Login suceessfull  ***
[INFO ] 11-08-2020 05:40:41.246 TC_LoginPage_001 - ***  Starting TC_LoginPage_001  ***
[INFO ] 11-08-2020 05:40:46.652 TC_LoginPage_001 - ***  Provinding login details  ***
[INFO ] 11-08-2020 05:40:53.018 TC_LoginPage_001 - ***  Validating login  ***
[INFO ] 11-08-2020 05:40:53.042 TC_LoginPage_001 - ***  Login suceessfull  ***
[INFO ] 11-08-2020 05:41:59.835 TC_LoginPage_001 - ***  Starting TC_LoginPage_001  ***
[INFO ] 11-08-2020 05:42:04.218 TC_LoginPage_001 - ***  Provinding login details  ***
[INFO ] 11-08-2020 05:42:09.370 TC_LoginPage_001 - ***  Validating login  ***
[INFO ] 11-08-2020 05:42:09.377 TC_LoginPage_001 - ***  Login suceessfull  ***
[INFO ] 11-08-2020 05:49:26.649 TC_LoginPage_001 - ***  Starting TC_LoginPage_001  ***
[INFO ] 11-08-2020 05:49:26.649 TC_LoginPage_001 - ***  Starting TC_LoginPage_001  ***
[INFO ] 11-08-2020 05:49:27.898 TC_LoginPage_001 - ***  Starting TC_LoginPage_001  ***
[INFO ] 11-08-2020 05:49:30.387 TC_LoginPage_001 - ***  Provinding login details  ***
[INFO ] 11-08-2020 05:49:31.140 TC_LoginPage_001 - ***  Provinding login details  ***
[INFO ] 11-08-2020 05:49:32.587 TC_LoginPage_001 - ***  Provinding login details  ***
[INFO ] 11-08-2020 05:49:35.479 TC_LoginPage_001 - ***  Validating login  ***
[INFO ] 11-08-2020 05:49:35.485 TC_LoginPage_001 - ***  Login suceessfull  ***
[INFO ] 11-08-2020 05:49:37.482 TC_LoginPage_001 - ***  Validating login  ***
[INFO ] 11-08-2020 05:49:37.579 TC_LoginPage_001 - ***  Login suceessfull  ***
[INFO ] 11-08-2020 05:49:39.834 TC_LoginPage_001 - ***  Validating login  ***
[INFO ] 11-08-2020 05:49:39.838 TC_LoginPage_001 - ***  Login suceessfull  ***
[INFO ] 11-08-2020 05:51:41.877 TC_LoginPage_001 - ***  Starting TC_LoginPage_001  ***
[INFO ] 11-08-2020 05:51:43.210 TC_LoginPage_001 - ***  Starting TC_LoginPage_001  ***
[INFO ] 11-08-2020 05:51:43.320 TC_LoginPage_001 - ***  Starting TC_LoginPage_001  ***
[INFO ] 11-08-2020 05:51:44.984 TC_LoginPage_001 - ***  Provinding login details  ***
[INFO ] 11-08-2020 05:51:45.830 TC_LoginPage_001 - ***  Provinding login details  ***
[INFO ] 11-08-2020 05:51:48.049 TC_LoginPage_001 - ***  Provinding login details  ***
[INFO ] 11-08-2020 05:51:48.892 TC_LoginPage_001 - ***  Validating login  ***
[INFO ] 11-08-2020 05:51:48.895 TC_LoginPage_001 - ***  Login suceessfull  ***
[INFO ] 11-08-2020 05:51:49.711 TC_LoginPage_001 - ***  Validating login  ***
[INFO ] 11-08-2020 05:51:49.772 TC_LoginPage_001 - ***  Login suceessfull  ***
[INFO ] 11-08-2020 05:51:53.375 TC_LoginPage_001 - ***  Validating login  ***
[INFO ] 11-08-2020 05:51:53.382 TC_LoginPage_001 - ***  Login suceessfull  ***
[INFO ] 12-08-2020 12:01:43.833 TC_LoginPage_001 - ***  Starting TC_LoginPage_001  ***
[INFO ] 12-08-2020 12:01:50.360 TC_LoginPage_001 - ***  Provinding login details  ***
[INFO ] 12-08-2020 12:01:55.619 TC_LoginPage_001 - ***  Validating login  ***
[INFO ] 12-08-2020 12:01:55.624 TC_LoginPage_001 - ***  Login suceessfull  ***
[INFO ] 12-08-2020 05:24:07.862 TC_LoginPage_001 - ***  Starting TC_LoginPage_001  ***
[INFO ] 12-08-2020 05:24:11.786 TC_LoginPage_001 - ***  Provinding login details  ***
[INFO ] 12-08-2020 05:24:18.055 TC_LoginPage_001 - ***  Validating login  ***
[INFO ] 12-08-2020 05:24:18.064 TC_LoginPage_001 - ***  Login suceessfull  ***
[INFO ] 12-08-2020 05:46:32.272 TC_LoginPage_001 - ***  Starting TC_LoginPage_001  ***
[INFO ] 12-08-2020 05:46:37.450 TC_LoginPage_001 - ***  Provinding login details  ***
[INFO ] 12-08-2020 05:46:43.091 TC_LoginPage_001 - ***  Validating login  ***
[INFO ] 12-08-2020 05:46:43.099 TC_LoginPage_001 - ***  Login suceessfull  ***
[INFO ] 12-08-2020 05:48:00.059 TC_LoginPage_001 - ***  Starting TC_LoginPage_001  ***
[INFO ] 12-08-2020 05:48:05.367 TC_LoginPage_001 - ***  Provinding login details  ***
[INFO ] 12-08-2020 05:48:11.289 TC_LoginPage_001 - ***  Validating login  ***
[INFO ] 12-08-2020 05:48:11.297 TC_LoginPage_001 - ***  Login suceessfull  ***
[INFO ] 12-08-2020 06:04:31.062 TC_LoginPage_001 - ***  Starting TC_LoginPage_001  ***
[INFO ] 12-08-2020 06:04:36.510 TC_LoginPage_001 - ***  Provinding login details  ***
[INFO ] 12-08-2020 06:04:42.936 TC_LoginPage_001 - ***  Validating login  ***
[ERROR] 12-08-2020 06:04:42.944 TC_LoginPage_001 - ***    login is unsucessfull  ***
[INFO ] 12-08-2020 09:12:03.037 TC_LoginPage_001 - ***  Starting TC_LoginPage_001  ***
[INFO ] 12-08-2020 09:12:08.598 TC_LoginPage_001 - ***  Provinding login details  ***
[INFO ] 12-08-2020 09:12:15.298 TC_LoginPage_001 - ***  Validating login  ***
[INFO ] 12-08-2020 09:12:15.305 TC_LoginPage_001 - ***  Login suceessfull  ***
[INFO ] 12-08-2020 09:12:22.307 TC_LoginDDT_002 - ********* starting TC_LoginDDT_002 *************
[INFO ] 12-08-2020 09:12:37.775 TC_LoginDDT_002 - **************** loginTest is Passed ************* 
[INFO ] 12-08-2020 09:12:43.826 TC_LoginDDT_002 - ********* Finished  TC_LoginDDT_002 *************
[INFO ] 12-08-2020 09:12:43.829 TC_LoginDDT_002 - ********* starting TC_LoginDDT_002 *************
[INFO ] 12-08-2020 09:12:51.396 TC_LoginDDT_002 - **************** loginTest is Passed ************* 
[INFO ] 12-08-2020 09:12:51.396 TC_LoginDDT_002 - ********* Finished  TC_LoginDDT_002 *************
[INFO ] 12-08-2020 09:12:51.398 TC_LoginDDT_002 - ********* starting TC_LoginDDT_002 *************
[INFO ] 12-08-2020 09:12:58.909 TC_LoginDDT_002 - **************** loginTest is Passed ************* 
[INFO ] 12-08-2020 09:12:58.909 TC_LoginDDT_002 - ********* Finished  TC_LoginDDT_002 *************
[INFO ] 12-08-2020 09:12:58.918 TC_LoginDDT_002 - ********* starting TC_LoginDDT_002 *************
[INFO ] 12-08-2020 09:13:07.495 TC_LoginDDT_002 - **************** loginTest is Passed ************* 
[INFO ] 12-08-2020 09:13:07.495 TC_LoginDDT_002 - ********* Finished  TC_LoginDDT_002 *************
[INFO ] 12-08-2020 09:15:52.167 TC_LoginPage_001 - ***  Starting TC_LoginPage_001  ***
[INFO ] 12-08-2020 09:15:57.241 TC_LoginPage_001 - ***  Provinding login details  ***
[INFO ] 12-08-2020 09:16:03.655 TC_LoginPage_001 - ***  Validating login  ***
[INFO ] 12-08-2020 09:16:03.662 TC_LoginPage_001 - ***  Login suceessfull  ***
[INFO ] 12-08-2020 09:16:10.834 TC_LoginDDT_002 - ********* starting TC_LoginDDT_002 *************
[INFO ] 12-08-2020 09:16:26.257 TC_LoginDDT_002 - **************** loginTest is Passed ************* 
[INFO ] 12-08-2020 09:16:31.237 TC_LoginDDT_002 - ********* Finished  TC_LoginDDT_002 *************
[INFO ] 12-08-2020 09:16:31.240 TC_LoginDDT_002 - ********* starting TC_LoginDDT_002 *************
[INFO ] 12-08-2020 09:16:38.663 TC_LoginDDT_002 - **************** loginTest is Passed ************* 
[INFO ] 12-08-2020 09:16:38.663 TC_LoginDDT_002 - ********* Finished  TC_LoginDDT_002 *************
[INFO ] 12-08-2020 09:16:38.665 TC_LoginDDT_002 - ********* starting TC_LoginDDT_002 *************
[INFO ] 12-08-2020 09:16:46.006 TC_LoginDDT_002 - **************** loginTest is Passed ************* 
[INFO ] 12-08-2020 09:16:46.006 TC_LoginDDT_002 - ********* Finished  TC_LoginDDT_002 *************
[INFO ] 12-08-2020 09:16:46.008 TC_LoginDDT_002 - ********* starting TC_LoginDDT_002 *************
[INFO ] 12-08-2020 09:16:53.513 TC_LoginDDT_002 - **************** loginTest is Passed ************* 
[INFO ] 12-08-2020 09:16:53.513 TC_LoginDDT_002 - ********* Finished  TC_LoginDDT_002 *************
[INFO ] 12-08-2020 09:22:37.311 TC_LoginPage_001 - ***  Starting TC_LoginPage_001  ***
[INFO ] 12-08-2020 09:22:42.389 TC_LoginPage_001 - ***  Provinding login details  ***
[INFO ] 12-08-2020 09:22:48.112 TC_LoginPage_001 - ***  Validating login  ***
[ERROR] 12-08-2020 09:22:48.146 TC_LoginPage_001 - ***    login is unsucessfull  ***
[INFO ] 12-08-2020 09:22:55.879 TC_LoginDDT_002 - ********* starting TC_LoginDDT_002 *************
[INFO ] 12-08-2020 09:23:12.180 TC_LoginDDT_002 - **************** loginTest is Passed ************* 
[INFO ] 12-08-2020 09:23:18.303 TC_LoginDDT_002 - ********* Finished  TC_LoginDDT_002 *************
[INFO ] 12-08-2020 09:23:18.310 TC_LoginDDT_002 - ********* starting TC_LoginDDT_002 *************
[INFO ] 12-08-2020 09:23:25.710 TC_LoginDDT_002 - **************** loginTest is Passed ************* 
[INFO ] 12-08-2020 09:23:25.710 TC_LoginDDT_002 - ********* Finished  TC_LoginDDT_002 *************
[INFO ] 12-08-2020 09:23:25.713 TC_LoginDDT_002 - ********* starting TC_LoginDDT_002 *************
[INFO ] 12-08-2020 09:23:34.201 TC_LoginDDT_002 - **************** loginTest is Passed ************* 
[INFO ] 12-08-2020 09:23:34.201 TC_LoginDDT_002 - ********* Finished  TC_LoginDDT_002 *************
[INFO ] 12-08-2020 09:23:34.204 TC_LoginDDT_002 - ********* starting TC_LoginDDT_002 *************
[INFO ] 12-08-2020 09:23:41.287 TC_LoginDDT_002 - **************** loginTest is Passed ************* 
[INFO ] 12-08-2020 09:23:41.287 TC_LoginDDT_002 - ********* Finished  TC_LoginDDT_002 *************
[INFO ] 12-08-2020 09:36:38.480 TC_LoginPage_001 - ***  Starting TC_LoginPage_001  ***
[INFO ] 12-08-2020 09:36:43.899 TC_LoginPage_001 - ***  Provinding login details  ***
[INFO ] 12-08-2020 09:36:50.548 TC_LoginPage_001 - ***  Validating login  ***
[ERROR] 12-08-2020 09:36:50.554 TC_LoginPage_001 - ***    login is unsucessfull  ***
[INFO ] 12-08-2020 09:36:59.042 TC_LoginDDT_002 - ********* starting TC_LoginDDT_002 *************
[INFO ] 12-08-2020 09:37:15.558 TC_LoginDDT_002 - **************** loginTest is Passed ************* 
[INFO ] 12-08-2020 09:37:23.630 TC_LoginDDT_002 - ********* Finished  TC_LoginDDT_002 *************
[INFO ] 12-08-2020 09:37:23.640 TC_LoginDDT_002 - ********* starting TC_LoginDDT_002 *************
[INFO ] 12-08-2020 09:37:31.013 TC_LoginDDT_002 - **************** loginTest is Passed ************* 
[INFO ] 12-08-2020 09:37:31.013 TC_LoginDDT_002 - ********* Finished  TC_LoginDDT_002 *************
[INFO ] 12-08-2020 09:37:31.018 TC_LoginDDT_002 - ********* starting TC_LoginDDT_002 *************
[INFO ] 12-08-2020 09:37:38.453 TC_LoginDDT_002 - **************** loginTest is Passed ************* 
[INFO ] 12-08-2020 09:37:38.453 TC_LoginDDT_002 - ********* Finished  TC_LoginDDT_002 *************
[INFO ] 12-08-2020 09:37:38.458 TC_LoginDDT_002 - ********* starting TC_LoginDDT_002 *************
[INFO ] 12-08-2020 09:37:45.883 TC_LoginDDT_002 - **************** loginTest is Passed ************* 
[INFO ] 12-08-2020 09:37:45.883 TC_LoginDDT_002 - ********* Finished  TC_LoginDDT_002 *************
[INFO ] 12-08-2020 09:39:13.860 TC_LoginPage_001 - ***  Starting TC_LoginPage_001  ***
[INFO ] 12-08-2020 09:39:19.204 TC_LoginPage_001 - ***  Provinding login details  ***
[INFO ] 12-08-2020 09:39:24.911 TC_LoginPage_001 - ***  Validating login  ***
[ERROR] 12-08-2020 09:39:24.917 TC_LoginPage_001 - ***    login is unsucessfull  ***
[INFO ] 12-08-2020 09:39:33.431 TC_LoginDDT_002 - ********* starting TC_LoginDDT_002 *************
[INFO ] 12-08-2020 09:39:46.513 TC_LoginDDT_002 - **************** loginTest is Passed ************* 
[INFO ] 12-08-2020 09:39:53.230 TC_LoginDDT_002 - ********* Finished  TC_LoginDDT_002 *************
[INFO ] 12-08-2020 09:39:53.234 TC_LoginDDT_002 - ********* starting TC_LoginDDT_002 *************
[INFO ] 12-08-2020 09:40:01.446 TC_LoginDDT_002 - **************** loginTest is Passed ************* 
[INFO ] 12-08-2020 09:40:01.446 TC_LoginDDT_002 - ********* Finished  TC_LoginDDT_002 *************
[INFO ] 12-08-2020 09:40:01.451 TC_LoginDDT_002 - ********* starting TC_LoginDDT_002 *************
[INFO ] 12-08-2020 09:40:08.680 TC_LoginDDT_002 - **************** loginTest is Passed ************* 
[INFO ] 12-08-2020 09:40:08.680 TC_LoginDDT_002 - ********* Finished  TC_LoginDDT_002 *************
[INFO ] 12-08-2020 09:40:08.686 TC_LoginDDT_002 - ********* starting TC_LoginDDT_002 *************
[INFO ] 12-08-2020 09:40:17.088 TC_LoginDDT_002 - **************** loginTest is Passed ************* 
[INFO ] 12-08-2020 09:40:17.088 TC_LoginDDT_002 - ********* Finished  TC_LoginDDT_002 *************
[INFO ] 12-08-2020 09:50:15.682 TC_LoginPage_001 - ***  Starting TC_LoginPage_001  ***
[INFO ] 12-08-2020 09:50:20.651 TC_LoginPage_001 - ***  Provinding login details  ***
[INFO ] 12-08-2020 09:50:28.630 TC_LoginPage_001 - ***  Validating login  ***
[ERROR] 12-08-2020 09:50:28.684 TC_LoginPage_001 - ***    login is unsucessfull  ***
[INFO ] 12-08-2020 09:50:37.539 TC_LoginDDT_002 - ********* starting TC_LoginDDT_002 *************
[INFO ] 12-08-2020 09:50:53.788 TC_LoginDDT_002 - **************** loginTest is Passed ************* 
[INFO ] 12-08-2020 09:50:56.923 TC_LoginDDT_002 - ********* Finished  TC_LoginDDT_002 *************
[INFO ] 12-08-2020 09:50:56.927 TC_LoginDDT_002 - ********* starting TC_LoginDDT_002 *************
[INFO ] 12-08-2020 09:51:28.892 TC_LoginDDT_002 - ********* starting TC_LoginDDT_002 *************
[INFO ] 12-08-2020 09:52:02.215 TC_LoginDDT_002 - ********* starting TC_LoginDDT_002 *************
[INFO ] 23-08-2020 09:56:26.477 TC_LoginPage_001 - ***  Starting TC_LoginPage_001  ***
[INFO ] 23-08-2020 09:56:26.696 TC_LoginPage_001 - ***  Provinding login details  ***
[INFO ] 23-08-2020 09:56:36.678 TC_LoginDDT_002 - ********* starting TC_LoginDDT_002 *************
[INFO ] 23-08-2020 09:57:06.927 TC_LoginDDT_002 - ********* starting TC_LoginDDT_002 *************
[INFO ] 23-08-2020 09:57:37.063 TC_LoginDDT_002 - ********* starting TC_LoginDDT_002 *************
[INFO ] 23-08-2020 09:58:07.230 TC_LoginDDT_002 - ********* starting TC_LoginDDT_002 *************
[INFO ] 24-08-2020 05:11:16.193 TC_LoginPage_001 - ***  Starting TC_LoginPage_001  ***
[INFO ] 24-08-2020 05:11:21.529 TC_LoginPage_001 - ***  Provinding login details  ***
[INFO ] 24-08-2020 05:11:28.072 TC_LoginPage_001 - ***  Validating login  ***
[ERROR] 24-08-2020 05:11:28.081 TC_LoginPage_001 - ***    login is unsucessfull  ***
[INFO ] 24-08-2020 05:11:36.332 TC_LoginDDT_002 - ********* starting TC_LoginDDT_002 *************
[INFO ] 24-08-2020 05:11:53.521 TC_LoginDDT_002 - **************** loginTest is Passed ************* 
[INFO ] 24-08-2020 05:11:59.659 TC_LoginDDT_002 - ********* Finished  TC_LoginDDT_002 *************
[INFO ] 24-08-2020 05:11:59.666 TC_LoginDDT_002 - ********* starting TC_LoginDDT_002 *************
[INFO ] 24-08-2020 05:12:09.419 TC_LoginDDT_002 - **************** loginTest is Passed ************* 
[INFO ] 24-08-2020 05:12:09.419 TC_LoginDDT_002 - ********* Finished  TC_LoginDDT_002 *************
[INFO ] 24-08-2020 05:12:09.425 TC_LoginDDT_002 - ********* starting TC_LoginDDT_002 *************
[INFO ] 24-08-2020 05:12:16.763 TC_LoginDDT_002 - **************** loginTest is Passed ************* 
[INFO ] 24-08-2020 05:12:16.763 TC_LoginDDT_002 - ********* Finished  TC_LoginDDT_002 *************
[INFO ] 24-08-2020 05:12:16.768 TC_LoginDDT_002 - ********* starting TC_LoginDDT_002 *************
[INFO ] 24-08-2020 05:12:25.096 TC_LoginDDT_002 - **************** loginTest is Passed ************* 
[INFO ] 24-08-2020 05:12:25.097 TC_LoginDDT_002 - ********* Finished  TC_LoginDDT_002 *************
[INFO ] 25-08-2020 02:10:26.863 TC_LoginPage_001 - ***  Starting TC_LoginPage_001  ***
[INFO ] 25-08-2020 02:10:33.576 TC_LoginPage_001 - ***  Provinding login details  ***
[INFO ] 25-08-2020 02:10:40.450 TC_LoginPage_001 - ***  Validating login  ***
[ERROR] 25-08-2020 02:10:40.461 TC_LoginPage_001 - ***    login is unsucessfull  ***
[INFO ] 25-08-2020 02:10:48.921 TC_LoginDDT_002 - ********* starting TC_LoginDDT_002 *************
[INFO ] 25-08-2020 02:11:09.037 TC_LoginDDT_002 - **************** loginTest is Passed ************* 
[INFO ] 25-08-2020 02:11:15.844 TC_LoginDDT_002 - ********* Finished  TC_LoginDDT_002 *************
[INFO ] 25-08-2020 02:11:15.850 TC_LoginDDT_002 - ********* starting TC_LoginDDT_002 *************
[INFO ] 25-08-2020 02:11:23.598 TC_LoginDDT_002 - **************** loginTest is Passed ************* 
[INFO ] 25-08-2020 02:11:23.598 TC_LoginDDT_002 - ********* Finished  TC_LoginDDT_002 *************
[INFO ] 25-08-2020 02:11:23.607 TC_LoginDDT_002 - ********* starting TC_LoginDDT_002 *************
[INFO ] 25-08-2020 02:11:31.446 TC_LoginDDT_002 - **************** loginTest is Passed ************* 
[INFO ] 25-08-2020 02:11:31.446 TC_LoginDDT_002 - ********* Finished  TC_LoginDDT_002 *************
[INFO ] 25-08-2020 02:11:31.448 TC_LoginDDT_002 - ********* starting TC_LoginDDT_002 *************
[INFO ] 25-08-2020 02:11:39.652 TC_LoginDDT_002 - **************** loginTest is Passed ************* 
[INFO ] 25-08-2020 02:11:39.652 TC_LoginDDT_002 - ********* Finished  TC_LoginDDT_002 *************
[INFO ] 25-08-2020 02:11:45.702 TC_AddCustomerTest_003 - ********* starting TC_AddCustomerTest_003 *************
[INFO ] 25-08-2020 02:13:19.107 TC_AddCustomerTest_003 - ********* starting TC_AddCustomerTest_003 *************
[INFO ] 25-08-2020 02:14:41.343 TC_AddCustomerTest_003 - ********* starting TC_AddCustomerTest_003 *************
[INFO ] 25-08-2020 02:16:11.732 TC_AddCustomerTest_003 - ********* starting TC_AddCustomerTest_003 *************
[INFO ] 25-08-2020 02:18:43.649 TC_AddCustomerTest_003 - ********* starting TC_AddCustomerTest_003 *************
[INFO ] 25-08-2020 02:20:39.918 TC_AddCustomerTest_003 - ********* starting TC_AddCustomerTest_003 *************
[INFO ] 25-08-2020 02:24:12.379 TC_LoginPage_001 - ***  Starting TC_LoginPage_001  ***
[INFO ] 25-08-2020 02:24:17.693 TC_LoginPage_001 - ***  Provinding login details  ***
[INFO ] 25-08-2020 02:24:23.515 TC_LoginPage_001 - ***  Validating login  ***
[ERROR] 25-08-2020 02:24:23.527 TC_LoginPage_001 - ***    login is unsucessfull  ***
[INFO ] 25-08-2020 02:24:31.882 TC_LoginDDT_002 - ********* starting TC_LoginDDT_002 *************
[INFO ] 25-08-2020 02:24:48.438 TC_LoginDDT_002 - **************** loginTest is Passed ************* 
[INFO ] 25-08-2020 02:24:54.547 TC_LoginDDT_002 - ********* Finished  TC_LoginDDT_002 *************
[INFO ] 25-08-2020 02:24:54.549 TC_LoginDDT_002 - ********* starting TC_LoginDDT_002 *************
[INFO ] 25-08-2020 02:25:03.057 TC_LoginDDT_002 - **************** loginTest is Passed ************* 
[INFO ] 25-08-2020 02:25:03.057 TC_LoginDDT_002 - ********* Finished  TC_LoginDDT_002 *************
[INFO ] 25-08-2020 02:25:03.061 TC_LoginDDT_002 - ********* starting TC_LoginDDT_002 *************
[INFO ] 25-08-2020 02:25:10.455 TC_LoginDDT_002 - **************** loginTest is Passed ************* 
[INFO ] 25-08-2020 02:25:10.455 TC_LoginDDT_002 - ********* Finished  TC_LoginDDT_002 *************
[INFO ] 25-08-2020 02:25:10.458 TC_LoginDDT_002 - ********* starting TC_LoginDDT_002 *************
[INFO ] 25-08-2020 02:25:17.532 TC_LoginDDT_002 - **************** loginTest is Passed ************* 
[INFO ] 25-08-2020 02:25:17.532 TC_LoginDDT_002 - ********* Finished  TC_LoginDDT_002 *************
[INFO ] 25-08-2020 02:25:23.404 TC_AddCustomerTest_003 - ********* starting TC_AddCustomerTest_003 *************
[INFO ] 25-08-2020 04:51:13.615 TC_AddCustomerTest_003 - ********* starting TC_AddCustomerTest_003 *************
[INFO ] 25-08-2020 04:51:29.842 TC_AddCustomerTest_003 - *********Adding new customer *************
[INFO ] 25-08-2020 04:51:36.081 TC_AddCustomerTest_003 - ***************  Providing customer details  *********** 
[INFO ] 25-08-2020 04:51:48.335 TC_AddCustomerTest_003 - ***************  Customer added succesfully *********** 
[INFO ] 25-08-2020 04:51:48.338 TC_AddCustomerTest_003 - ***************   TC_AddCustomerTest_003 Finished  *********** 
[INFO ] 25-08-2020 05:29:04.353 TC_LoginPage_001 - ***  Starting TC_LoginPage_001  ***
[INFO ] 25-08-2020 05:29:10.711 TC_LoginPage_001 - ***  Provinding login details  ***
[INFO ] 25-08-2020 05:29:18.457 TC_LoginPage_001 - ***  Validating login  ***
[ERROR] 25-08-2020 05:29:18.463 TC_LoginPage_001 - ***    login is unsucessfull  ***
[INFO ] 25-08-2020 05:29:24.872 TC_AddCustomerTest_003 - ********* starting TC_AddCustomerTest_003 *************
[INFO ] 25-08-2020 05:29:40.725 TC_AddCustomerTest_003 - *********Adding new customer *************
[INFO ] 25-08-2020 05:29:46.994 TC_AddCustomerTest_003 - ***************  Providing customer details  *********** 
[INFO ] 25-08-2020 05:29:59.807 TC_AddCustomerTest_003 - ***************  Customer added succesfully *********** 
[INFO ] 25-08-2020 05:29:59.807 TC_AddCustomerTest_003 - ***************   TC_AddCustomerTest_003 Finished  *********** 
[INFO ] 25-08-2020 05:30:05.728 TC_SearchCustomerByEmail_004 - ********* starting TC_SearchCustomerByEmail_004 *************
[INFO ] 25-08-2020 05:30:17.783 TC_SearchCustomerByName_005 - ********* starting TC_SearchCustomerByName_005 *************
[INFO ] 25-08-2020 05:31:52.922 TC_LoginPage_001 - ***  Starting TC_LoginPage_001  ***
[INFO ] 25-08-2020 05:31:58.589 TC_LoginPage_001 - ***  Provinding login details  ***
[INFO ] 25-08-2020 05:32:06.459 TC_LoginPage_001 - ***  Validating login  ***
[ERROR] 25-08-2020 05:32:06.469 TC_LoginPage_001 - ***    login is unsucessfull  ***
[INFO ] 25-08-2020 05:32:12.872 TC_AddCustomerTest_003 - ********* starting TC_AddCustomerTest_003 *************
[INFO ] 25-08-2020 05:32:29.309 TC_AddCustomerTest_003 - *********Adding new customer *************
[INFO ] 25-08-2020 05:32:36.891 TC_AddCustomerTest_003 - ***************  Providing customer details  *********** 
[INFO ] 25-08-2020 05:32:49.552 TC_AddCustomerTest_003 - ***************  Customer added succesfully *********** 
[INFO ] 25-08-2020 05:32:49.552 TC_AddCustomerTest_003 - ***************   TC_AddCustomerTest_003 Finished  *********** 
[INFO ] 25-08-2020 05:32:55.483 TC_SearchCustomerByEmail_004 - ********* starting TC_SearchCustomerByEmail_004 *************
[INFO ] 25-08-2020 05:33:11.824 TC_SearchCustomerByEmail_004 - ********* Search customer by email is passed *************
[INFO ] 25-08-2020 05:33:11.825 TC_SearchCustomerByEmail_004 - ********* End of TC_SearchCustomerByEmail_004 *************
[INFO ] 25-08-2020 05:33:17.701 TC_SearchCustomerByName_005 - ********* starting TC_SearchCustomerByName_005 *************
[INFO ] 25-08-2020 05:33:36.759 TC_SearchCustomerByName_005 - ********* Search customer by name is passed *************
[INFO ] 25-08-2020 05:33:36.759 TC_SearchCustomerByName_005 - ********* End of TC_SearchCustomerByName_005 *************
[INFO ] 25-08-2020 09:16:29.608 TC_LoginPage_001 - ***  Starting TC_LoginPage_001  ***
[INFO ] 25-08-2020 09:16:32.964 TC_LoginPage_001 - ***  Provinding login details  ***
[INFO ] 25-08-2020 09:16:37.179 TC_LoginPage_001 - ***  Validating login  ***
[ERROR] 25-08-2020 09:16:37.184 TC_LoginPage_001 - ***    login is unsucessfull  ***
[INFO ] 25-08-2020 09:16:43.575 TC_AddCustomerTest_003 - ********* starting TC_AddCustomerTest_003 *************
[INFO ] 25-08-2020 09:16:54.853 TC_AddCustomerTest_003 - *********Adding new customer *************
[INFO ] 25-08-2020 09:16:59.663 TC_AddCustomerTest_003 - ***************  Providing customer details  *********** 
[INFO ] 25-08-2020 09:17:22.449 TC_AddCustomerTest_003 - ***************  Customer added succesfully *********** 
[INFO ] 25-08-2020 09:17:22.449 TC_AddCustomerTest_003 - ***************   TC_AddCustomerTest_003 Finished  *********** 
[INFO ] 25-08-2020 09:17:28.364 TC_SearchCustomerByEmail_004 - ********* starting TC_SearchCustomerByEmail_004 *************
[INFO ] 25-08-2020 09:17:41.709 TC_SearchCustomerByEmail_004 - ********* Search customer by email is passed *************
[INFO ] 25-08-2020 09:17:41.710 TC_SearchCustomerByEmail_004 - ********* End of TC_SearchCustomerByEmail_004 *************
[INFO ] 25-08-2020 09:17:47.573 TC_SearchCustomerByName_005 - ********* starting TC_SearchCustomerByName_005 *************
[INFO ] 25-08-2020 09:18:01.290 TC_SearchCustomerByName_005 - ********* Search customer by name is passed *************
[INFO ] 25-08-2020 09:18:01.290 TC_SearchCustomerByName_005 - ********* End of TC_SearchCustomerByName_005 *************
[INFO ] 03-09-2020 05:27:53.306 TC_LoginPage_001 - ***  Starting TC_LoginPage_001  ***
[INFO ] 03-09-2020 05:28:00.404 TC_LoginPage_001 - ***  Provinding login details  ***
[INFO ] 03-09-2020 05:28:12.238 TC_LoginPage_001 - ***  Validating login  ***
[ERROR] 03-09-2020 05:28:12.243 TC_LoginPage_001 - ***    login is unsucessfull  ***
[INFO ] 03-09-2020 05:28:19.175 TC_AddCustomerTest_003 - ********* starting TC_AddCustomerTest_003 *************
[INFO ] 03-09-2020 05:28:39.026 TC_AddCustomerTest_003 - *********Adding new customer *************
[INFO ] 03-09-2020 05:29:15.122 TC_SearchCustomerByEmail_004 - ********* starting TC_SearchCustomerByEmail_004 *************
[INFO ] 03-09-2020 05:29:34.649 TC_SearchCustomerByEmail_004 - ********* Search customer by email is passed *************
[INFO ] 03-09-2020 05:29:34.650 TC_SearchCustomerByEmail_004 - ********* End of TC_SearchCustomerByEmail_004 *************
[INFO ] 03-09-2020 05:29:40.608 TC_SearchCustomerByName_005 - ********* starting TC_SearchCustomerByName_005 *************
[INFO ] 03-09-2020 05:30:00.151 TC_SearchCustomerByName_005 - ********* Search customer by name is passed *************
[INFO ] 03-09-2020 05:30:00.151 TC_SearchCustomerByName_005 - ********* End of TC_SearchCustomerByName_005 *************
[INFO ] 03-09-2020 05:51:43.871 TC_LoginPage_001 - ***  Starting TC_LoginPage_001  ***
[INFO ] 03-09-2020 05:51:44.439 TC_LoginPage_001 - ***  Starting TC_LoginPage_001  ***
[INFO ] 03-09-2020 05:51:50.000 TC_LoginPage_001 - ***  Provinding login details  ***
[INFO ] 03-09-2020 05:51:51.748 TC_LoginPage_001 - ***  Provinding login details  ***
[INFO ] 03-09-2020 05:51:57.107 TC_LoginPage_001 - ***  Validating login  ***
[ERROR] 03-09-2020 05:51:57.121 TC_LoginPage_001 - ***    login is unsucessfull  ***
[INFO ] 03-09-2020 05:51:59.244 TC_LoginPage_001 - ***  Validating login  ***
[ERROR] 03-09-2020 05:51:59.251 TC_LoginPage_001 - ***    login is unsucessfull  ***
[INFO ] 03-09-2020 05:52:04.033 TC_AddCustomerTest_003 - ********* starting TC_AddCustomerTest_003 *************
[INFO ] 03-09-2020 05:52:20.568 TC_AddCustomerTest_003 - *********Adding new customer *************
[INFO ] 03-09-2020 05:52:27.422 TC_AddCustomerTest_003 - ***************  Providing customer details  *********** 
[INFO ] 03-09-2020 05:52:40.292 TC_AddCustomerTest_003 - ***************  Customer added succesfully *********** 
[INFO ] 03-09-2020 05:52:40.292 TC_AddCustomerTest_003 - ***************   TC_AddCustomerTest_003 Finished  *********** 
[INFO ] 03-09-2020 06:15:42.918 TC_SearchCustomerByEmail_004 - ********* starting TC_SearchCustomerByEmail_004 *************
[INFO ] 03-09-2020 06:15:43.270 TC_SearchCustomerByName_005 - ********* starting TC_SearchCustomerByName_005 *************
[INFO ] 03-09-2020 06:15:43.476 TC_AddCustomerTest_003 - ********* starting TC_AddCustomerTest_003 *************
[INFO ] 03-09-2020 06:15:43.477 TC_LoginPage_001 - ***  Starting TC_LoginPage_001  ***
[INFO ] 03-09-2020 06:15:44.425 TC_LoginDDT_002 - ********* starting TC_LoginDDT_002 *************
[INFO ] 03-09-2020 06:15:49.093 TC_LoginPage_001 - ***  Provinding login details  ***
[INFO ] 03-09-2020 06:15:56.864 TC_LoginPage_001 - ***  Validating login  ***
[ERROR] 03-09-2020 06:15:56.871 TC_LoginPage_001 - ***    login is unsucessfull  ***
[INFO ] 03-09-2020 06:15:58.417 TC_AddCustomerTest_003 - *********Adding new customer *************
[INFO ] 03-09-2020 06:15:59.613 TC_SearchCustomerByName_005 - ********* Search customer by name is passed *************
[INFO ] 03-09-2020 06:15:59.614 TC_SearchCustomerByName_005 - ********* End of TC_SearchCustomerByName_005 *************
[INFO ] 03-09-2020 06:16:01.877 TC_LoginDDT_002 - **************** loginTest is Passed ************* 
[INFO ] 03-09-2020 06:16:03.120 TC_SearchCustomerByEmail_004 - ********* Search customer by email is passed *************
[INFO ] 03-09-2020 06:16:03.123 TC_SearchCustomerByEmail_004 - ********* End of TC_SearchCustomerByEmail_004 *************
[INFO ] 03-09-2020 06:16:05.031 TC_AddCustomerTest_003 - ***************  Providing customer details  *********** 
[INFO ] 03-09-2020 06:16:07.306 TC_LoginDDT_002 - ********* Finished  TC_LoginDDT_002 *************
[INFO ] 03-09-2020 06:16:07.308 TC_LoginDDT_002 - ********* starting TC_LoginDDT_002 *************
[INFO ] 03-09-2020 06:16:16.053 TC_LoginDDT_002 - **************** loginTest is Passed ************* 
[INFO ] 03-09-2020 06:16:16.053 TC_LoginDDT_002 - ********* Finished  TC_LoginDDT_002 *************
[INFO ] 03-09-2020 06:16:16.056 TC_LoginDDT_002 - ********* starting TC_LoginDDT_002 *************
[INFO ] 03-09-2020 06:16:17.077 TC_AddCustomerTest_003 - ***************  Customer added succesfully *********** 
[INFO ] 03-09-2020 06:16:17.077 TC_AddCustomerTest_003 - ***************   TC_AddCustomerTest_003 Finished  *********** 
[INFO ] 03-09-2020 06:16:23.954 TC_LoginDDT_002 - **************** loginTest is Passed ************* 
[INFO ] 03-09-2020 06:16:23.954 TC_LoginDDT_002 - ********* Finished  TC_LoginDDT_002 *************
[INFO ] 03-09-2020 06:16:23.956 TC_LoginDDT_002 - ********* starting TC_LoginDDT_002 *************
[INFO ] 03-09-2020 06:16:31.713 TC_LoginDDT_002 - **************** loginTest is Passed ************* 
[INFO ] 03-09-2020 06:16:31.713 TC_LoginDDT_002 - ********* Finished  TC_LoginDDT_002 *************
[INFO ] 03-09-2020 09:06:54.347 TC_AddCustomerTest_003 - ********* starting TC_AddCustomerTest_003 *************
[INFO ] 03-09-2020 09:06:54.421 TC_LoginPage_001 - ***  Starting TC_LoginPage_001  ***
[INFO ] 03-09-2020 09:07:00.654 TC_LoginPage_001 - ***  Provinding login details  ***
[INFO ] 03-09-2020 09:07:08.014 TC_LoginPage_001 - ***  Validating login  ***
[INFO ] 03-09-2020 09:07:08.023 TC_LoginPage_001 - ***  Login suceessfull  ***
[INFO ] 03-09-2020 09:07:10.814 TC_AddCustomerTest_003 - *********Adding new customer *************
[INFO ] 03-09-2020 09:07:20.405 TC_AddCustomerTest_003 - ***************  Providing customer details  *********** 
[INFO ] 03-09-2020 09:07:36.648 TC_AddCustomerTest_003 - ***************  Customer added succesfully *********** 
[INFO ] 03-09-2020 09:07:36.648 TC_AddCustomerTest_003 - ***************   TC_AddCustomerTest_003 Finished  *********** 
[INFO ] 03-09-2020 10:22:30.399 TC_AddCustomerTest_003 - ********* starting TC_AddCustomerTest_003 *************
[INFO ] 03-09-2020 10:22:30.460 TC_LoginPage_001 - ***  Starting TC_LoginPage_001  ***
[INFO ] 03-09-2020 10:22:36.166 TC_LoginPage_001 - ***  Provinding login details  ***
[INFO ] 03-09-2020 10:22:43.710 TC_LoginPage_001 - ***  Validating login  ***
[INFO ] 03-09-2020 10:22:43.715 TC_LoginPage_001 - ***  Login suceessfull  ***
[INFO ] 03-09-2020 10:22:45.358 TC_AddCustomerTest_003 - *********Adding new customer *************
[INFO ] 03-09-2020 10:22:51.619 TC_AddCustomerTest_003 - ***************  Providing customer details  *********** 
[INFO ] 03-09-2020 10:23:07.702 TC_AddCustomerTest_003 - ***************  Customer added succesfully *********** 
[INFO ] 03-09-2020 10:23:07.703 TC_AddCustomerTest_003 - ***************   TC_AddCustomerTest_003 Finished  *********** 
